2016-04-17 23:32:53 [-][-][-][error][yii\console\Exception] exception 'yii\base\InvalidRouteException' with message 'Unable to resolve the request "migrated".' in E:\xampp\htdocs\vendor\yiisoft\yii2\base\Module.php:460
Stack trace:
#0 E:\xampp\htdocs\vendor\yiisoft\yii2\console\Application.php(167): yii\base\Module->runAction('migrated', Array)
#1 E:\xampp\htdocs\vendor\yiisoft\yii2\console\Application.php(143): yii\console\Application->runAction('migrated', Array)
#2 E:\xampp\htdocs\vendor\yiisoft\yii2\base\Application.php(375): yii\console\Application->handleRequest(Object(yii\console\Request))
#3 E:\xampp\htdocs\yii(27): yii\base\Application->run()
#4 {main}

Next exception 'yii\console\Exception' with message 'Unknown command "migrated".' in E:\xampp\htdocs\vendor\yiisoft\yii2\console\Application.php:169
Stack trace:
#0 E:\xampp\htdocs\vendor\yiisoft\yii2\console\Application.php(143): yii\console\Application->runAction('migrated', Array)
#1 E:\xampp\htdocs\vendor\yiisoft\yii2\base\Application.php(375): yii\console\Application->handleRequest(Object(yii\console\Request))
#2 E:\xampp\htdocs\yii(27): yii\base\Application->run()
#3 {main}
2016-04-17 23:32:53 [-][-][-][info][application] $_SERVER = [
    'ALLUSERSPROFILE' => 'C:\\ProgramData'
    'AMDAPPSDKROOT' => 'C:\\Program Files (x86)\\AMD APP\\'
    'APPDATA' => 'C:\\Users\\Andrzej\\AppData\\Roaming'
    'CommonProgramFiles' => 'C:\\Program Files (x86)\\Common Files'
    'CommonProgramFiles(x86)' => 'C:\\Program Files (x86)\\Common Files'
    'CommonProgramW6432' => 'C:\\Program Files\\Common Files'
    'COMPUTERNAME' => 'PC'
    'ComSpec' => 'C:\\Windows\\system32\\cmd.exe'
    'C_EM64T_REDIST11' => 'C:\\Program Files (x86)\\Common Files\\Intel\\Shared Files\\cpp\\'
    'DXSDK_DIR' => 'C:\\Program Files (x86)\\Microsoft DirectX SDK (March 2009)\\'
    'FP_NO_HOST_CHECK' => 'NO'
    'HOMEDRIVE' => 'C:'
    'HOMEPATH' => '\\Users\\Andrzej'
    'LOCALAPPDATA' => 'C:\\Users\\Andrzej\\AppData\\Local'
    'LOGONSERVER' => '\\\\MicrosoftAccount'
    'NUMBER_OF_PROCESSORS' => '4'
    'OS' => 'Windows_NT'
    'Path' => 'C:\\Program Files (x86)\\Common Files\\Intel\\Shared Files\\cpp\\bin\\Intel64;C:\\ProgramData\\Oracle\\Java\\javapath;C:\\Program Files (x86)\\AMD APP\\bin\\x86_64;C:\\Program Files (x86)\\AMD APP\\bin\\x86;C:\\Windows\\system32;C:\\Windows;C:\\Windows\\System32\\Wbem;C:\\Windows\\System32\\WindowsPowerShell\\v1.0\\;C:\\Program Files (x86)\\ATI Technologies\\ATI.ACE\\Core-Static;C:\\Program Files (x86)\\AMD\\ATI.ACE\\Core-Static;E:\\Vagrant\\bin;C:\\Program Files (x86)\\Windows Kits\\8.1\\Windows Performance Toolkit\\;C:\\Program Files\\Microsoft SQL Server\\110\\Tools\\Binn\\;C:\\Program Files\\MongoDB\\Server\\3.0\\bin;C:\\Python27\\;C:\\Python27\\Scripts;E:\\xampp\\php;C:\\ProgramData\\ComposerSetup\\bin;C:\\Users\\Andrzej\\AppData\\Roaming\\Composer\\vendor\\bin'
    'PATHEXT' => '.COM;.EXE;.BAT;.CMD;.VBS;.VBE;.JS;.JSE;.WSF;.WSH;.MSC'
    'PHP_COMMAND' => 'php.exe'
    'PROCESSOR_ARCHITECTURE' => 'x86'
    'PROCESSOR_ARCHITEW6432' => 'AMD64'
    'PROCESSOR_IDENTIFIER' => 'AMD64 Family 16 Model 4 Stepping 3, AuthenticAMD'
    'PROCESSOR_LEVEL' => '16'
    'PROCESSOR_REVISION' => '0403'
    'ProgramData' => 'C:\\ProgramData'
    'ProgramFiles' => 'C:\\Program Files (x86)'
    'ProgramFiles(x86)' => 'C:\\Program Files (x86)'
    'ProgramW6432' => 'C:\\Program Files'
    'PROMPT' => '$P$G'
    'PSModulePath' => 'C:\\Windows\\system32\\WindowsPowerShell\\v1.0\\Modules\\'
    'PUBLIC' => 'C:\\Users\\Public'
    'SystemDrive' => 'C:'
    'SystemRoot' => 'C:\\Windows'
    'TEMP' => 'C:\\Users\\Andrzej\\AppData\\Local\\Temp'
    'TMP' => 'C:\\Users\\Andrzej\\AppData\\Local\\Temp'
    'USERDOMAIN' => 'PC'
    'USERDOMAIN_ROAMINGPROFILE' => 'PC'
    'USERNAME' => 'Andrzej'
    'USERPROFILE' => 'C:\\Users\\Andrzej'
    'VBOX_MSI_INSTALL_PATH' => 'C:\\Program Files\\Oracle\\VirtualBox\\'
    'VS110COMNTOOLS' => 'C:\\Program Files (x86)\\Microsoft Visual Studio 11.0\\Common7\\Tools\\'
    'VS120COMNTOOLS' => 'E:\\Visual Studio 2013\\Common7\\Tools\\'
    'windir' => 'C:\\Windows'
    'YII_PATH' => 'E:\\xampp\\htdocs\\'
    'PHP_SELF' => 'E:\\xampp\\htdocs\\yii'
    'SCRIPT_NAME' => 'E:\\xampp\\htdocs\\yii'
    'SCRIPT_FILENAME' => 'E:\\xampp\\htdocs\\yii'
    'PATH_TRANSLATED' => 'E:\\xampp\\htdocs\\yii'
    'DOCUMENT_ROOT' => ''
    'REQUEST_TIME_FLOAT' => 1460928773.1691
    'REQUEST_TIME' => 1460928773
    'argv' => [
        0 => 'E:\\xampp\\htdocs\\yii'
        1 => 'migrated'
    ]
    'argc' => 2
]
2016-04-17 23:32:58 [-][-][-][error][yii\db\Exception] exception 'PDOException' with message 'SQLSTATE[HY000] [1049] Unknown database 'yii2advanced'' in E:\xampp\htdocs\vendor\yiisoft\yii2\db\Connection.php:600
Stack trace:
#0 E:\xampp\htdocs\vendor\yiisoft\yii2\db\Connection.php(600): PDO->__construct('mysql:host=loca...', 'root', '', NULL)
#1 E:\xampp\htdocs\vendor\yiisoft\yii2\db\Connection.php(542): yii\db\Connection->createPdoInstance()
#2 E:\xampp\htdocs\vendor\yiisoft\yii2\db\Connection.php(858): yii\db\Connection->open()
#3 E:\xampp\htdocs\vendor\yiisoft\yii2\db\Connection.php(845): yii\db\Connection->getMasterPdo()
#4 E:\xampp\htdocs\vendor\yiisoft\yii2\db\Command.php(219): yii\db\Connection->getSlavePdo()
#5 E:\xampp\htdocs\vendor\yiisoft\yii2\db\Command.php(834): yii\db\Command->prepare(true)
#6 E:\xampp\htdocs\vendor\yiisoft\yii2\db\Command.php(362): yii\db\Command->queryInternal('fetchAll', NULL)
#7 E:\xampp\htdocs\vendor\yiisoft\yii2\db\mysql\Schema.php(198): yii\db\Command->queryAll()
#8 E:\xampp\htdocs\vendor\yiisoft\yii2\db\mysql\Schema.php(97): yii\db\mysql\Schema->findColumns(Object(yii\db\TableSchema))
#9 E:\xampp\htdocs\vendor\yiisoft\yii2\db\Schema.php(146): yii\db\mysql\Schema->loadTableSchema('migration')
#10 E:\xampp\htdocs\vendor\yiisoft\yii2\console\controllers\MigrateController.php(132): yii\db\Schema->getTableSchema('{{%migration}}', true)
#11 E:\xampp\htdocs\vendor\yiisoft\yii2\console\controllers\BaseMigrateController.php(680): yii\console\controllers\MigrateController->getMigrationHistory(NULL)
#12 E:\xampp\htdocs\vendor\yiisoft\yii2\console\controllers\BaseMigrateController.php(123): yii\console\controllers\BaseMigrateController->getNewMigrations()
#13 [internal function]: yii\console\controllers\BaseMigrateController->actionUp(0)
#14 E:\xampp\htdocs\vendor\yiisoft\yii2\base\InlineAction.php(55): call_user_func_array(Array, Array)
#15 E:\xampp\htdocs\vendor\yiisoft\yii2\base\Controller.php(154): yii\base\InlineAction->runWithParams(Array)
#16 E:\xampp\htdocs\vendor\yiisoft\yii2\console\Controller.php(108): yii\base\Controller->runAction('', Array)
#17 E:\xampp\htdocs\vendor\yiisoft\yii2\base\Module.php(454): yii\console\Controller->runAction('', Array)
#18 E:\xampp\htdocs\vendor\yiisoft\yii2\console\Application.php(167): yii\base\Module->runAction('migrate', Array)
#19 E:\xampp\htdocs\vendor\yiisoft\yii2\console\Application.php(143): yii\console\Application->runAction('migrate', Array)
#20 E:\xampp\htdocs\vendor\yiisoft\yii2\base\Application.php(375): yii\console\Application->handleRequest(Object(yii\console\Request))
#21 E:\xampp\htdocs\yii(27): yii\base\Application->run()
#22 {main}

Next exception 'yii\db\Exception' with message 'SQLSTATE[HY000] [1049] Unknown database 'yii2advanced'' in E:\xampp\htdocs\vendor\yiisoft\yii2\db\Connection.php:547
Stack trace:
#0 E:\xampp\htdocs\vendor\yiisoft\yii2\db\Connection.php(858): yii\db\Connection->open()
#1 E:\xampp\htdocs\vendor\yiisoft\yii2\db\Connection.php(845): yii\db\Connection->getMasterPdo()
#2 E:\xampp\htdocs\vendor\yiisoft\yii2\db\Command.php(219): yii\db\Connection->getSlavePdo()
#3 E:\xampp\htdocs\vendor\yiisoft\yii2\db\Command.php(834): yii\db\Command->prepare(true)
#4 E:\xampp\htdocs\vendor\yiisoft\yii2\db\Command.php(362): yii\db\Command->queryInternal('fetchAll', NULL)
#5 E:\xampp\htdocs\vendor\yiisoft\yii2\db\mysql\Schema.php(198): yii\db\Command->queryAll()
#6 E:\xampp\htdocs\vendor\yiisoft\yii2\db\mysql\Schema.php(97): yii\db\mysql\Schema->findColumns(Object(yii\db\TableSchema))
#7 E:\xampp\htdocs\vendor\yiisoft\yii2\db\Schema.php(146): yii\db\mysql\Schema->loadTableSchema('migration')
#8 E:\xampp\htdocs\vendor\yiisoft\yii2\console\controllers\MigrateController.php(132): yii\db\Schema->getTableSchema('{{%migration}}', true)
#9 E:\xampp\htdocs\vendor\yiisoft\yii2\console\controllers\BaseMigrateController.php(680): yii\console\controllers\MigrateController->getMigrationHistory(NULL)
#10 E:\xampp\htdocs\vendor\yiisoft\yii2\console\controllers\BaseMigrateController.php(123): yii\console\controllers\BaseMigrateController->getNewMigrations()
#11 [internal function]: yii\console\controllers\BaseMigrateController->actionUp(0)
#12 E:\xampp\htdocs\vendor\yiisoft\yii2\base\InlineAction.php(55): call_user_func_array(Array, Array)
#13 E:\xampp\htdocs\vendor\yiisoft\yii2\base\Controller.php(154): yii\base\InlineAction->runWithParams(Array)
#14 E:\xampp\htdocs\vendor\yiisoft\yii2\console\Controller.php(108): yii\base\Controller->runAction('', Array)
#15 E:\xampp\htdocs\vendor\yiisoft\yii2\base\Module.php(454): yii\console\Controller->runAction('', Array)
#16 E:\xampp\htdocs\vendor\yiisoft\yii2\console\Application.php(167): yii\base\Module->runAction('migrate', Array)
#17 E:\xampp\htdocs\vendor\yiisoft\yii2\console\Application.php(143): yii\console\Application->runAction('migrate', Array)
#18 E:\xampp\htdocs\vendor\yiisoft\yii2\base\Application.php(375): yii\console\Application->handleRequest(Object(yii\console\Request))
#19 E:\xampp\htdocs\yii(27): yii\base\Application->run()
#20 {main}
Additional Information:

2016-04-17 23:32:58 [-][-][-][info][application] $_SERVER = [
    'ALLUSERSPROFILE' => 'C:\\ProgramData'
    'AMDAPPSDKROOT' => 'C:\\Program Files (x86)\\AMD APP\\'
    'APPDATA' => 'C:\\Users\\Andrzej\\AppData\\Roaming'
    'CommonProgramFiles' => 'C:\\Program Files (x86)\\Common Files'
    'CommonProgramFiles(x86)' => 'C:\\Program Files (x86)\\Common Files'
    'CommonProgramW6432' => 'C:\\Program Files\\Common Files'
    'COMPUTERNAME' => 'PC'
    'ComSpec' => 'C:\\Windows\\system32\\cmd.exe'
    'C_EM64T_REDIST11' => 'C:\\Program Files (x86)\\Common Files\\Intel\\Shared Files\\cpp\\'
    'DXSDK_DIR' => 'C:\\Program Files (x86)\\Microsoft DirectX SDK (March 2009)\\'
    'FP_NO_HOST_CHECK' => 'NO'
    'HOMEDRIVE' => 'C:'
    'HOMEPATH' => '\\Users\\Andrzej'
    'LOCALAPPDATA' => 'C:\\Users\\Andrzej\\AppData\\Local'
    'LOGONSERVER' => '\\\\MicrosoftAccount'
    'NUMBER_OF_PROCESSORS' => '4'
    'OS' => 'Windows_NT'
    'Path' => 'C:\\Program Files (x86)\\Common Files\\Intel\\Shared Files\\cpp\\bin\\Intel64;C:\\ProgramData\\Oracle\\Java\\javapath;C:\\Program Files (x86)\\AMD APP\\bin\\x86_64;C:\\Program Files (x86)\\AMD APP\\bin\\x86;C:\\Windows\\system32;C:\\Windows;C:\\Windows\\System32\\Wbem;C:\\Windows\\System32\\WindowsPowerShell\\v1.0\\;C:\\Program Files (x86)\\ATI Technologies\\ATI.ACE\\Core-Static;C:\\Program Files (x86)\\AMD\\ATI.ACE\\Core-Static;E:\\Vagrant\\bin;C:\\Program Files (x86)\\Windows Kits\\8.1\\Windows Performance Toolkit\\;C:\\Program Files\\Microsoft SQL Server\\110\\Tools\\Binn\\;C:\\Program Files\\MongoDB\\Server\\3.0\\bin;C:\\Python27\\;C:\\Python27\\Scripts;E:\\xampp\\php;C:\\ProgramData\\ComposerSetup\\bin;C:\\Users\\Andrzej\\AppData\\Roaming\\Composer\\vendor\\bin'
    'PATHEXT' => '.COM;.EXE;.BAT;.CMD;.VBS;.VBE;.JS;.JSE;.WSF;.WSH;.MSC'
    'PHP_COMMAND' => 'php.exe'
    'PROCESSOR_ARCHITECTURE' => 'x86'
    'PROCESSOR_ARCHITEW6432' => 'AMD64'
    'PROCESSOR_IDENTIFIER' => 'AMD64 Family 16 Model 4 Stepping 3, AuthenticAMD'
    'PROCESSOR_LEVEL' => '16'
    'PROCESSOR_REVISION' => '0403'
    'ProgramData' => 'C:\\ProgramData'
    'ProgramFiles' => 'C:\\Program Files (x86)'
    'ProgramFiles(x86)' => 'C:\\Program Files (x86)'
    'ProgramW6432' => 'C:\\Program Files'
    'PROMPT' => '$P$G'
    'PSModulePath' => 'C:\\Windows\\system32\\WindowsPowerShell\\v1.0\\Modules\\'
    'PUBLIC' => 'C:\\Users\\Public'
    'SystemDrive' => 'C:'
    'SystemRoot' => 'C:\\Windows'
    'TEMP' => 'C:\\Users\\Andrzej\\AppData\\Local\\Temp'
    'TMP' => 'C:\\Users\\Andrzej\\AppData\\Local\\Temp'
    'USERDOMAIN' => 'PC'
    'USERDOMAIN_ROAMINGPROFILE' => 'PC'
    'USERNAME' => 'Andrzej'
    'USERPROFILE' => 'C:\\Users\\Andrzej'
    'VBOX_MSI_INSTALL_PATH' => 'C:\\Program Files\\Oracle\\VirtualBox\\'
    'VS110COMNTOOLS' => 'C:\\Program Files (x86)\\Microsoft Visual Studio 11.0\\Common7\\Tools\\'
    'VS120COMNTOOLS' => 'E:\\Visual Studio 2013\\Common7\\Tools\\'
    'windir' => 'C:\\Windows'
    'YII_PATH' => 'E:\\xampp\\htdocs\\'
    'PHP_SELF' => 'E:\\xampp\\htdocs\\yii'
    'SCRIPT_NAME' => 'E:\\xampp\\htdocs\\yii'
    'SCRIPT_FILENAME' => 'E:\\xampp\\htdocs\\yii'
    'PATH_TRANSLATED' => 'E:\\xampp\\htdocs\\yii'
    'DOCUMENT_ROOT' => ''
    'REQUEST_TIME_FLOAT' => 1460928778.7661
    'REQUEST_TIME' => 1460928778
    'argv' => [
        0 => 'E:\\xampp\\htdocs\\yii'
        1 => 'migrate'
    ]
    'argc' => 2
]
